<testsuites id="" name="" tests="1" failures="1" skipped="0" errors="0" time="38.411606">
<testsuite name="portal.spec.js" timestamp="2026-02-17T19:25:29.053Z" hostname="chromium" tests="1" failures="1" skipped="0" time="1.805" errors="0">
<testcase name="LMS portals › login page + role dashboards smoke" classname="portal.spec.js" time="1.805">
<failure message="portal.spec.js:67:3 login page + role dashboards smoke" type="FAILURE">
<![CDATA[  [chromium] › portal.spec.js:67:3 › LMS portals › login page + role dashboards smoke ──────────────

    Error: login-as failed: 403

       at helpers\auth.js:7

       5 |
       6 |   if (!res.ok()) {
    >  7 |     throw new Error(`login-as failed: ${res.status()}`);
         |           ^
       8 |   }
       9 |
      10 |   const setCookies = res.headersArray().filter((h) => h.name.toLowerCase() === "set-cookie");
        at loginAs (C:\Users\Bron\projects\LJ-s-tutoring\tests\e2e\helpers\auth.js:7:11)
        at C:\Users\Bron\projects\LJ-s-tutoring\tests\e2e\portal.spec.js:75:5

    attachment #1: screenshot (image/png) ──────────────────────────────────────────────────────────
    ..\..\test-results\playwright\portal-LMS-portals-login-page-role-dashboards-smoke-chromium\test-failed-1.png
    ────────────────────────────────────────────────────────────────────────────────────────────────

    attachment #2: video (video/webm) ──────────────────────────────────────────────────────────────
    ..\..\test-results\playwright\portal-LMS-portals-login-page-role-dashboards-smoke-chromium\video.webm
    ────────────────────────────────────────────────────────────────────────────────────────────────

    Error Context: ..\..\test-results\playwright\portal-LMS-portals-login-page-role-dashboards-smoke-chromium\error-context.md

    attachment #4: trace (application/zip) ─────────────────────────────────────────────────────────
    ..\..\test-results\playwright\portal-LMS-portals-login-page-role-dashboards-smoke-chromium\trace.zip
    Usage:

        npx playwright show-trace ..\..\test-results\playwright\portal-LMS-portals-login-page-role-dashboards-smoke-chromium\trace.zip

    ────────────────────────────────────────────────────────────────────────────────────────────────
]]>
</failure>
<system-out>
<![CDATA[
[[ATTACHMENT|playwright\portal-LMS-portals-login-page-role-dashboards-smoke-chromium\test-failed-1.png]]

[[ATTACHMENT|playwright\portal-LMS-portals-login-page-role-dashboards-smoke-chromium\video.webm]]

[[ATTACHMENT|playwright\portal-LMS-portals-login-page-role-dashboards-smoke-chromium\error-context.md]]

[[ATTACHMENT|playwright\portal-LMS-portals-login-page-role-dashboards-smoke-chromium\trace.zip]]
]]>
</system-out>
</testcase>
</testsuite>
</testsuites>